				;	@ /0
0000 8028		;	LD J
0002 602a		;	*  K
0004 9030		;	MM EA_1
0006 8026		;	LD I
0008 4030		;	+  EA_1
000a 9032		;	MM EA_2
000c 802c		;	LD L
000e 602e		;	*  M
0010 9034		;	MM EA_3
0012 8032		;	LD EA_2
0014 4034		;	+  EA_3
0016 9036		;	MM EA_4
0018 8036		;	LD EA_4
001a 9022		;	MM TESTE
001c 8022		;	LD TESTE
001e 9024		;	MM TESTE2
0020 c000		;	HM /00
0022 0000		;	TESTE K /0000
0024 0000		;	TESTE2 K /0000
0026 0000		;	I K /0000
0028 0000		;	J K /0000
002a 0000		;	K K /0000
002c 0000		;	L K /0000
002e 0000		;	M K /0000
0030 0000		;	EA_1 K /0000
0032 0000		;	EA_2 K /0000
0034 0000		;	EA_3 K /0000
0036 0000		;	EA_4 K /0000
0038 0001		;	TRUE K /0001
003a 0000		;	FALSE K /0000
003c 0100		;	CONST_SHIFT K /0100
