				;	@ /0
0000 0038		;	JP INICIO_0
0002 409a		;	0_TESTE + FALSE ; NOP
0004 a0b0		;	SC POP
0006 80ca		;	LD TEMP
0008 907c		;	MM D
000a 807e		;	LD EA_1
000c e100		;	PD /0100
000e 409a		;	W_2 + FALSE ; NOP
0010 807c		;	LD D
0012 5080		;	-  EA_2
0014 201a		;	JN CO_2
0016 809a		;	LD FALSE
0018 001c		;	JP CO_3
001a 8098		;	CO_2 LD TRUE
001c 9082		;	CO_3 MM CO_1
001e 1030		;	JZ W_1
0020 8084		;	LD EA_3
0022 e100		;	PD /0100
0024 807c		;	LD D
0026 4086		;	+  EA_4
0028 9088		;	MM EA_5
002a 8088		;	LD EA_5
002c 907c		;	MM D
002e 000e		;	JP W_2
0030 409a		;	W_1 + FALSE ; NOP
0032 807c		;	LD D
0034 90c8		;	MM RETORNO
0036 b002		;	RS 0_TESTE
0038 409a		;	INICIO_0 + FALSE ; NOP
003a 808a		;	LD EA_6
003c 9078		;	MM B
003e 808c		;	LD EA_7
0040 907a		;	MM E
0042 409a		;	W_4 + FALSE ; NOP
0044 8078		;	LD B
0046 508e		;	-  EA_8
0048 204e		;	JN CO_5
004a 809a		;	LD FALSE
004c 0050		;	JP CO_6
004e 8098		;	CO_5 LD TRUE
0050 9090		;	CO_6 MM CO_4
0052 1074		;	JZ W_3
0054 8092		;	LD EA_9
0056 e100		;	PD /0100
0058 8078		;	LD B
005a 4094		;	+  EA_10
005c 9096		;	MM EA_11
005e 8096		;	LD EA_11
0060 9078		;	MM B
0062 8078		;	LD B
0064 90ca		;	MM TEMP
0066 a09e		;	SC PUSH
0068 a002		;	SC 0_TESTE
006a 80c8		;	LD RETORNO
